<?xml version="1.0" encoding="UTF-8"?>
<!-- Generated by org.testng.reporters.JUnitReportReporter -->
<testsuite skipped="0" hostname="LAPTOP-UL6LP02B" name="com.pagelibrary.com.Ranford.TestExecution" tests="1" failures="0" timestamp="08 Jun 2018 04:39:52 GMT" time="3.565" errors="0">
  <testcase name="verifylogin" time="3.565" classname="com.pagelibrary.com.Ranford.TestExecution"/>
</testsuite> <!-- com.pagelibrary.com.Ranford.TestExecution -->
